Using pre-set license
Built from '2022.3/staging' branch; Version is '2022.3.11f1 (d00248457e15) revision 13632072'; Using compiler version '192829333'; Build Type 'Release'
OS: 'Windows 11  (10.0.22621) 64bit Core' Language: 'en' Physical Memory: 64662 MB
BatchMode: 1, IsHumanControllingUs: 0, StartBugReporterOnCrash: 0, Is64bit: 1, IsPro: 1

COMMAND LINE ARGUMENTS:
C:\Program Files\Unity\Hub\Editor\2022.3.11f1\Editor\Unity.exe
-adb2
-batchMode
-noUpm
-name
AssetImportWorker4
-projectPath
C:/Users/mnm04/Desktop/Low Poly Game
-logFile
Logs/AssetImportWorker4.log
-srvPort
51574
Successfully changed project path to: C:/Users/mnm04/Desktop/Low Poly Game
C:/Users/mnm04/Desktop/Low Poly Game
[UnityMemory] Configuration Parameters - Can be set up in boot.config
    "memorysetup-bucket-allocator-granularity=16"
    "memorysetup-bucket-allocator-bucket-count=8"
    "memorysetup-bucket-allocator-block-size=33554432"
    "memorysetup-bucket-allocator-block-count=8"
    "memorysetup-main-allocator-block-size=16777216"
    "memorysetup-thread-allocator-block-size=16777216"
    "memorysetup-gfx-main-allocator-block-size=16777216"
    "memorysetup-gfx-thread-allocator-block-size=16777216"
    "memorysetup-cache-allocator-block-size=4194304"
    "memorysetup-typetree-allocator-block-size=2097152"
    "memorysetup-profiler-bucket-allocator-granularity=16"
    "memorysetup-profiler-bucket-allocator-bucket-count=8"
    "memorysetup-profiler-bucket-allocator-block-size=33554432"
    "memorysetup-profiler-bucket-allocator-block-count=8"
    "memorysetup-profiler-allocator-block-size=16777216"
    "memorysetup-profiler-editor-allocator-block-size=1048576"
    "memorysetup-temp-allocator-size-main=16777216"
    "memorysetup-job-temp-allocator-block-size=2097152"
    "memorysetup-job-temp-allocator-block-size-background=1048576"
    "memorysetup-job-temp-allocator-reduction-small-platforms=262144"
    "memorysetup-allocator-temp-initial-block-size-main=262144"
    "memorysetup-allocator-temp-initial-block-size-worker=262144"
    "memorysetup-temp-allocator-size-background-worker=32768"
    "memorysetup-temp-allocator-size-job-worker=262144"
    "memorysetup-temp-allocator-size-preload-manager=33554432"
    "memorysetup-temp-allocator-size-nav-mesh-worker=65536"
    "memorysetup-temp-allocator-size-audio-worker=65536"
    "memorysetup-temp-allocator-size-cloud-worker=32768"
    "memorysetup-temp-allocator-size-gi-baking-worker=262144"
    "memorysetup-temp-allocator-size-gfx=262144"
Player connection [26100] Host "[IP] 192.168.1.160 [Port] 0 [Flags] 2 [Guid] 3996346666 [EditorId] 3996346666 [Version] 1048832 [Id] WindowsEditor(7,MyPC) [Debug] 1 [PackageName] WindowsEditor [ProjectName] Editor" joined multi-casting on [225.0.0.222:54997]...

Player connection [26100] Host "[IP] 192.168.1.160 [Port] 0 [Flags] 2 [Guid] 3996346666 [EditorId] 3996346666 [Version] 1048832 [Id] WindowsEditor(7,MyPC) [Debug] 1 [PackageName] WindowsEditor [ProjectName] Editor" joined alternative multi-casting on [225.0.0.222:34997]...

[Physics::Module] Initialized MultithreadedJobDispatcher with 23 workers.
Refreshing native plugins compatible for Editor in 9.03 ms, found 1 plugins.
Preloading 0 native plugins for Editor in 0.00 ms.
Initialize engine version: 2022.3.11f1 (d00248457e15)
[Subsystems] Discovering subsystems at path C:/Program Files/Unity/Hub/Editor/2022.3.11f1/Editor/Data/Resources/UnitySubsystems
[Subsystems] Discovering subsystems at path C:/Users/mnm04/Desktop/Low Poly Game/Assets
GfxDevice: creating device client; threaded=0; jobified=0
Direct3D:
    Version:  Direct3D 11.0 [level 11.1]
    Renderer: NVIDIA GeForce RTX 4080 (ID=0x2704)
    Vendor:   NVIDIA
    VRAM:     16064 MB
    Driver:   31.0.15.3758
Initialize mono
Mono path[0] = 'C:/Program Files/Unity/Hub/Editor/2022.3.11f1/Editor/Data/Managed'
Mono path[1] = 'C:/Program Files/Unity/Hub/Editor/2022.3.11f1/Editor/Data/MonoBleedingEdge/lib/mono/unityjit-win32'
Mono config path = 'C:/Program Files/Unity/Hub/Editor/2022.3.11f1/Editor/Data/MonoBleedingEdge/etc'
Using monoOptions --debugger-agent=transport=dt_socket,embedding=1,server=y,suspend=n,address=127.0.0.1:56520
Begin MonoManager ReloadAssembly
Registering precompiled unity dll's ...
Register platform support module: C:/Program Files/Unity/Hub/Editor/2022.3.11f1/Editor/Data/PlaybackEngines/WindowsStandaloneSupport/UnityEditor.WindowsStandalone.Extensions.dll
Registered in 0.005861 seconds.
- Loaded All Assemblies, in  0.207 seconds
Native extension for WindowsStandalone target not found
Mono: successfully reloaded assembly
- Finished resetting the current domain, in  0.144 seconds
Domain Reload Profiling: 349ms
	BeginReloadAssembly (70ms)
		ExecutionOrderSort (0ms)
		DisableScriptedObjects (0ms)
		BackupInstance (0ms)
		ReleaseScriptingObjects (0ms)
		CreateAndSetChildDomain (0ms)
	RebuildCommonClasses (18ms)
	RebuildNativeTypeToScriptingClass (7ms)
	initialDomainReloadingComplete (37ms)
	LoadAllAssembliesAndSetupDomain (74ms)
		LoadAssemblies (67ms)
		RebuildTransferFunctionScriptingTraits (0ms)
		AnalyzeDomain (73ms)
			TypeCache.Refresh (72ms)
				TypeCache.ScanAssembly (64ms)
			ScanForSourceGeneratedMonoScriptInfo (0ms)
			ResolveRequiredComponents (0ms)
	FinalizeReload (144ms)
		ReleaseScriptCaches (0ms)
		RebuildScriptCaches (0ms)
		SetupLoadedEditorAssemblies (109ms)
			LogAssemblyErrors (0ms)
			InitializePlatformSupportModulesInManaged (6ms)
			SetLoadedEditorAssemblies (5ms)
			RefreshPlugins (0ms)
			BeforeProcessingInitializeOnLoad (1ms)
			ProcessInitializeOnLoadAttributes (71ms)
			ProcessInitializeOnLoadMethodAttributes (26ms)
			AfterProcessingInitializeOnLoad (0ms)
			EditorAssembliesLoaded (0ms)
		ExecutionOrderSort2 (0ms)
		AwakeInstancesAfterBackupRestoration (0ms)
========================================================================
Worker process is ready to serve import requests
Begin MonoManager ReloadAssembly
- Loaded All Assemblies, in  0.496 seconds
Refreshing native plugins compatible for Editor in 2.87 ms, found 1 plugins.
Native extension for WindowsStandalone target not found
Mono: successfully reloaded assembly
- Finished resetting the current domain, in  0.567 seconds
Domain Reload Profiling: 1061ms
	BeginReloadAssembly (109ms)
		ExecutionOrderSort (0ms)
		DisableScriptedObjects (3ms)
		BackupInstance (0ms)
		ReleaseScriptingObjects (0ms)
		CreateAndSetChildDomain (17ms)
	RebuildCommonClasses (23ms)
	RebuildNativeTypeToScriptingClass (6ms)
	initialDomainReloadingComplete (26ms)
	LoadAllAssembliesAndSetupDomain (328ms)
		LoadAssemblies (249ms)
		RebuildTransferFunctionScriptingTraits (0ms)
		AnalyzeDomain (146ms)
			TypeCache.Refresh (120ms)
				TypeCache.ScanAssembly (111ms)
			ScanForSourceGeneratedMonoScriptInfo (18ms)
			ResolveRequiredComponents (6ms)
	FinalizeReload (568ms)
		ReleaseScriptCaches (0ms)
		RebuildScriptCaches (0ms)
		SetupLoadedEditorAssemblies (445ms)
			LogAssemblyErrors (0ms)
			InitializePlatformSupportModulesInManaged (4ms)
			SetLoadedEditorAssemblies (4ms)
			RefreshPlugins (0ms)
			BeforeProcessingInitializeOnLoad (90ms)
			ProcessInitializeOnLoadAttributes (317ms)
			ProcessInitializeOnLoadMethodAttributes (23ms)
			AfterProcessingInitializeOnLoad (6ms)
			EditorAssembliesLoaded (0ms)
		ExecutionOrderSort2 (0ms)
		AwakeInstancesAfterBackupRestoration (6ms)
Launched and connected shader compiler UnityShaderCompiler.exe after 0.02 seconds
Refreshing native plugins compatible for Editor in 4.38 ms, found 1 plugins.
Preloading 0 native plugins for Editor in 0.00 ms.
Unloading 7008 Unused Serialized files (Serialized files now loaded: 0)
Unloading 245 unused Assets / (13.9 MB). Loaded Objects now: 7373.
Memory consumption went from 325.0 MB to 311.1 MB.
Total: 8.338700 ms (FindLiveObjects: 0.864000 ms CreateObjectMapping: 0.221500 ms MarkObjects: 3.448700 ms  DeleteObjects: 3.803400 ms)

AssetImportParameters requested are different than current active one (requested -> active):
  custom:container-demuxer-ogg: 62fdf1f143b41e24485cea50d1cbac27 -> 
  custom:framework-win-MediaFoundation: 216162199b28c13a410421893ffa2e32 -> 
  custom:container-muxer-webm: aa71ff27fc2769a1b78a27578f13a17b -> 
  custom:video-decoder-webm-vp8: 9c59270c3fd7afecdb556c50c9e8de78 -> 
  custom:AudioImporter_EditorPlatform: d09bf68614088b80899f8185d706f6e7 -> 
  custom:audio-decoder-ogg-vorbis: bf7c407c2cedff20999df2af8eb42d56 -> 
  custom:audio-encoder-webm-vorbis: bf7c407c2cedff20999df2af8eb42d56 -> 
  custom:video-codec-MediaFoundation-h265: 746d11721c4dcdbdad8f713fa42b33f4 -> 
  custom:video-decoder-ogg-theora: a1e56fd34408186e4bbccfd4996cb3dc -> 
  custom:container-demuxer-webm: 4f35f7cbe854078d1ac9338744f61a02 -> 
  custom:video-encoder-webm-vp8: eb34c28f22e8b96e1ab97ce403110664 -> 
========================================================================
Received Import Request.
  Time since last request: 610747.712810 seconds.
  path: Assets/External Assets/polyperfect/Low Poly Ultimate Pack/M/- Prefabs_M/Nature_M/Trees_M/shrub.prefab
  artifactKey: Guid(7fdaf1ce04b670049a06023d2e536818) Importer(815301076,1909f56bfc062723c751e8b465ee728b)
Start importing Assets/External Assets/polyperfect/Low Poly Ultimate Pack/M/- Prefabs_M/Nature_M/Trees_M/shrub.prefab using Guid(7fdaf1ce04b670049a06023d2e536818) Importer(815301076,1909f56bfc062723c751e8b465ee728b)  -> (artifact id: 'f5473839f9374aabe910f198d35ac5f2') in 0.101395 seconds
Number of updated asset objects reloaded before import = 0
Number of asset objects unloaded after import = 9
========================================================================
Received Import Request.
  Time since last request: 0.000031 seconds.
  path: Assets/External Assets/polyperfect/Low Poly Ultimate Pack/M/- Prefabs_M/Nature_M/Trees_M/tree-conifer.prefab
  artifactKey: Guid(6b9fef59fa39f0744ab9d260ec6266d0) Importer(815301076,1909f56bfc062723c751e8b465ee728b)
Start importing Assets/External Assets/polyperfect/Low Poly Ultimate Pack/M/- Prefabs_M/Nature_M/Trees_M/tree-conifer.prefab using Guid(6b9fef59fa39f0744ab9d260ec6266d0) Importer(815301076,1909f56bfc062723c751e8b465ee728b)  -> (artifact id: '2f57bb70b5ade859679c47065d8dbbbc') in 0.021655 seconds
Number of updated asset objects reloaded before import = 0
Number of asset objects unloaded after import = 10
========================================================================
Received Import Request.
  Time since last request: 0.000020 seconds.
  path: Assets/External Assets/polyperfect/Low Poly Ultimate Pack/M/- Prefabs_M/Nature_M/Trees_M/tree-conifer-snow.prefab
  artifactKey: Guid(2dc7c11b0b56c994197c02be5c297f29) Importer(815301076,1909f56bfc062723c751e8b465ee728b)
Start importing Assets/External Assets/polyperfect/Low Poly Ultimate Pack/M/- Prefabs_M/Nature_M/Trees_M/tree-conifer-snow.prefab using Guid(2dc7c11b0b56c994197c02be5c297f29) Importer(815301076,1909f56bfc062723c751e8b465ee728b)  -> (artifact id: '6a7e6271441583b5ed87622ffa13e040') in 0.036285 seconds
Number of updated asset objects reloaded before import = 0
Number of asset objects unloaded after import = 11
========================================================================
Received Import Request.
  Time since last request: 0.000018 seconds.
  path: Assets/External Assets/polyperfect/Low Poly Ultimate Pack/M/- Prefabs_M/Nature_M/Trees_M/palm-small.prefab
  artifactKey: Guid(54de75368529c3941abc061082a1f9d2) Importer(815301076,1909f56bfc062723c751e8b465ee728b)
Start importing Assets/External Assets/polyperfect/Low Poly Ultimate Pack/M/- Prefabs_M/Nature_M/Trees_M/palm-small.prefab using Guid(54de75368529c3941abc061082a1f9d2) Importer(815301076,1909f56bfc062723c751e8b465ee728b)  -> (artifact id: '5402f483bcf675ac89de188f31ebdc69') in 0.036445 seconds
Number of updated asset objects reloaded before import = 0
Number of asset objects unloaded after import = 10
========================================================================
Received Import Request.
  Time since last request: 0.000022 seconds.
  path: Assets/External Assets/polyperfect/Low Poly Ultimate Pack/M/- Prefabs_M/Nature_M/Trees_M/tree-elipse.prefab
  artifactKey: Guid(3be346d3e2145b046a53b836c10f1bae) Importer(815301076,1909f56bfc062723c751e8b465ee728b)
Start importing Assets/External Assets/polyperfect/Low Poly Ultimate Pack/M/- Prefabs_M/Nature_M/Trees_M/tree-elipse.prefab using Guid(3be346d3e2145b046a53b836c10f1bae) Importer(815301076,1909f56bfc062723c751e8b465ee728b)  -> (artifact id: '3f49f95b8be379700d93d31512fb1006') in 0.021161 seconds
Number of updated asset objects reloaded before import = 0
Number of asset objects unloaded after import = 10
========================================================================
Received Import Request.
  Time since last request: 0.000019 seconds.
  path: Assets/External Assets/polyperfect/Low Poly Ultimate Pack/M/- Prefabs_M/Nature_M/Trees_M/tree-forest.prefab
  artifactKey: Guid(29d146fb4132c5a4ebbe524a1f973c29) Importer(815301076,1909f56bfc062723c751e8b465ee728b)
Start importing Assets/External Assets/polyperfect/Low Poly Ultimate Pack/M/- Prefabs_M/Nature_M/Trees_M/tree-forest.prefab using Guid(29d146fb4132c5a4ebbe524a1f973c29) Importer(815301076,1909f56bfc062723c751e8b465ee728b)  -> (artifact id: '0ed0fd5b9a988b2c43f42f9442ffbe25') in 0.020971 seconds
Number of updated asset objects reloaded before import = 0
Number of asset objects unloaded after import = 10
========================================================================
Received Import Request.
  Time since last request: 0.000024 seconds.
  path: Assets/External Assets/polyperfect/Low Poly Ultimate Pack/M/- Prefabs_M/Nature_M/Trees_M/plant-bush-small.prefab
  artifactKey: Guid(c412d7d7ed7458f49a9c1a30b776ade4) Importer(815301076,1909f56bfc062723c751e8b465ee728b)
Start importing Assets/External Assets/polyperfect/Low Poly Ultimate Pack/M/- Prefabs_M/Nature_M/Trees_M/plant-bush-small.prefab using Guid(c412d7d7ed7458f49a9c1a30b776ade4) Importer(815301076,1909f56bfc062723c751e8b465ee728b)  -> (artifact id: '35e0e8311edc36c5d1431ddb64ff2e30') in 0.027080 seconds
Number of updated asset objects reloaded before import = 0
Number of asset objects unloaded after import = 8
========================================================================
Received Import Request.
  Time since last request: 0.000032 seconds.
  path: Assets/External Assets/polyperfect/Low Poly Ultimate Pack/M/- Prefabs_M/Nature_M/Trees_M/tree-poplar.prefab
  artifactKey: Guid(16c8d319c7451cc45ade0f9f62216ed7) Importer(815301076,1909f56bfc062723c751e8b465ee728b)
Start importing Assets/External Assets/polyperfect/Low Poly Ultimate Pack/M/- Prefabs_M/Nature_M/Trees_M/tree-poplar.prefab using Guid(16c8d319c7451cc45ade0f9f62216ed7) Importer(815301076,1909f56bfc062723c751e8b465ee728b)  -> (artifact id: 'b94bd2dd38fc3fa6f353e8e07067d29c') in 0.021409 seconds
Number of updated asset objects reloaded before import = 0
Number of asset objects unloaded after import = 10
Editor requested this worker to shutdown with reason: Scaling down because of idle timeout
TcpMessagingSession - receive error: operation aborted. errorcode: 995, details: The I/O operation has been aborted because of either a thread exit or an application request.
AssetImportWorker is now disconnected from the server
Process exiting
Exiting without the bug reporter. Application will terminate with return code 0