Using pre-set license
Built from '2022.3/staging' branch; Version is '2022.3.11f1 (d00248457e15) revision 13632072'; Using compiler version '192829333'; Build Type 'Release'
OS: 'Windows 11  (10.0.22621) 64bit Core' Language: 'en' Physical Memory: 64662 MB
BatchMode: 1, IsHumanControllingUs: 0, StartBugReporterOnCrash: 0, Is64bit: 1, IsPro: 1

COMMAND LINE ARGUMENTS:
C:\Program Files\Unity\Hub\Editor\2022.3.11f1\Editor\Unity.exe
-adb2
-batchMode
-noUpm
-name
AssetImportWorker1
-projectPath
C:/Users/mnm04/Desktop/Low Poly Game
-logFile
Logs/AssetImportWorker1.log
-srvPort
52574
Successfully changed project path to: C:/Users/mnm04/Desktop/Low Poly Game
C:/Users/mnm04/Desktop/Low Poly Game
[UnityMemory] Configuration Parameters - Can be set up in boot.config
    "memorysetup-bucket-allocator-granularity=16"
    "memorysetup-bucket-allocator-bucket-count=8"
    "memorysetup-bucket-allocator-block-size=33554432"
    "memorysetup-bucket-allocator-block-count=8"
    "memorysetup-main-allocator-block-size=16777216"
    "memorysetup-thread-allocator-block-size=16777216"
    "memorysetup-gfx-main-allocator-block-size=16777216"
    "memorysetup-gfx-thread-allocator-block-size=16777216"
    "memorysetup-cache-allocator-block-size=4194304"
    "memorysetup-typetree-allocator-block-size=2097152"
    "memorysetup-profiler-bucket-allocator-granularity=16"
    "memorysetup-profiler-bucket-allocator-bucket-count=8"
    "memorysetup-profiler-bucket-allocator-block-size=33554432"
    "memorysetup-profiler-bucket-allocator-block-count=8"
    "memorysetup-profiler-allocator-block-size=16777216"
    "memorysetup-profiler-editor-allocator-block-size=1048576"
    "memorysetup-temp-allocator-size-main=16777216"
    "memorysetup-job-temp-allocator-block-size=2097152"
    "memorysetup-job-temp-allocator-block-size-background=1048576"
    "memorysetup-job-temp-allocator-reduction-small-platforms=262144"
    "memorysetup-allocator-temp-initial-block-size-main=262144"
    "memorysetup-allocator-temp-initial-block-size-worker=262144"
    "memorysetup-temp-allocator-size-background-worker=32768"
    "memorysetup-temp-allocator-size-job-worker=262144"
    "memorysetup-temp-allocator-size-preload-manager=33554432"
    "memorysetup-temp-allocator-size-nav-mesh-worker=65536"
    "memorysetup-temp-allocator-size-audio-worker=65536"
    "memorysetup-temp-allocator-size-cloud-worker=32768"
    "memorysetup-temp-allocator-size-gi-baking-worker=262144"
    "memorysetup-temp-allocator-size-gfx=262144"
Player connection [7116] Host "[IP] 192.168.1.160 [Port] 0 [Flags] 2 [Guid] 141889919 [EditorId] 141889919 [Version] 1048832 [Id] WindowsEditor(7,MyPC) [Debug] 1 [PackageName] WindowsEditor [ProjectName] Editor" joined multi-casting on [225.0.0.222:54997]...

Player connection [7116] Host "[IP] 192.168.1.160 [Port] 0 [Flags] 2 [Guid] 141889919 [EditorId] 141889919 [Version] 1048832 [Id] WindowsEditor(7,MyPC) [Debug] 1 [PackageName] WindowsEditor [ProjectName] Editor" joined alternative multi-casting on [225.0.0.222:34997]...

[Physics::Module] Initialized MultithreadedJobDispatcher with 23 workers.
Refreshing native plugins compatible for Editor in 5.82 ms, found 1 plugins.
Preloading 0 native plugins for Editor in 0.00 ms.
Initialize engine version: 2022.3.11f1 (d00248457e15)
[Subsystems] Discovering subsystems at path C:/Program Files/Unity/Hub/Editor/2022.3.11f1/Editor/Data/Resources/UnitySubsystems
[Subsystems] Discovering subsystems at path C:/Users/mnm04/Desktop/Low Poly Game/Assets
GfxDevice: creating device client; threaded=0; jobified=0
Direct3D:
    Version:  Direct3D 11.0 [level 11.1]
    Renderer: NVIDIA GeForce RTX 4080 (ID=0x2704)
    Vendor:   NVIDIA
    VRAM:     16064 MB
    Driver:   31.0.15.3758
Initialize mono
Mono path[0] = 'C:/Program Files/Unity/Hub/Editor/2022.3.11f1/Editor/Data/Managed'
Mono path[1] = 'C:/Program Files/Unity/Hub/Editor/2022.3.11f1/Editor/Data/MonoBleedingEdge/lib/mono/unityjit-win32'
Mono config path = 'C:/Program Files/Unity/Hub/Editor/2022.3.11f1/Editor/Data/MonoBleedingEdge/etc'
Using monoOptions --debugger-agent=transport=dt_socket,embedding=1,server=y,suspend=n,address=127.0.0.1:56708
Begin MonoManager ReloadAssembly
Registering precompiled unity dll's ...
Register platform support module: C:/Program Files/Unity/Hub/Editor/2022.3.11f1/Editor/Data/PlaybackEngines/WindowsStandaloneSupport/UnityEditor.WindowsStandalone.Extensions.dll
Registered in 0.005195 seconds.
- Loaded All Assemblies, in  0.205 seconds
Native extension for WindowsStandalone target not found
Mono: successfully reloaded assembly
- Finished resetting the current domain, in  0.141 seconds
Domain Reload Profiling: 345ms
	BeginReloadAssembly (64ms)
		ExecutionOrderSort (0ms)
		DisableScriptedObjects (0ms)
		BackupInstance (0ms)
		ReleaseScriptingObjects (0ms)
		CreateAndSetChildDomain (0ms)
	RebuildCommonClasses (18ms)
	RebuildNativeTypeToScriptingClass (6ms)
	initialDomainReloadingComplete (34ms)
	LoadAllAssembliesAndSetupDomain (81ms)
		LoadAssemblies (63ms)
		RebuildTransferFunctionScriptingTraits (0ms)
		AnalyzeDomain (80ms)
			TypeCache.Refresh (79ms)
				TypeCache.ScanAssembly (71ms)
			ScanForSourceGeneratedMonoScriptInfo (0ms)
			ResolveRequiredComponents (0ms)
	FinalizeReload (141ms)
		ReleaseScriptCaches (0ms)
		RebuildScriptCaches (0ms)
		SetupLoadedEditorAssemblies (107ms)
			LogAssemblyErrors (0ms)
			InitializePlatformSupportModulesInManaged (6ms)
			SetLoadedEditorAssemblies (4ms)
			RefreshPlugins (0ms)
			BeforeProcessingInitializeOnLoad (1ms)
			ProcessInitializeOnLoadAttributes (69ms)
			ProcessInitializeOnLoadMethodAttributes (27ms)
			AfterProcessingInitializeOnLoad (0ms)
			EditorAssembliesLoaded (0ms)
		ExecutionOrderSort2 (0ms)
		AwakeInstancesAfterBackupRestoration (0ms)
========================================================================
Worker process is ready to serve import requests
Begin MonoManager ReloadAssembly
- Loaded All Assemblies, in  0.434 seconds
Refreshing native plugins compatible for Editor in 2.24 ms, found 1 plugins.
Native extension for WindowsStandalone target not found
Mono: successfully reloaded assembly
- Finished resetting the current domain, in  0.548 seconds
Domain Reload Profiling: 979ms
	BeginReloadAssembly (88ms)
		ExecutionOrderSort (0ms)
		DisableScriptedObjects (3ms)
		BackupInstance (0ms)
		ReleaseScriptingObjects (0ms)
		CreateAndSetChildDomain (16ms)
	RebuildCommonClasses (19ms)
	RebuildNativeTypeToScriptingClass (7ms)
	initialDomainReloadingComplete (25ms)
	LoadAllAssembliesAndSetupDomain (293ms)
		LoadAssemblies (197ms)
		RebuildTransferFunctionScriptingTraits (0ms)
		AnalyzeDomain (144ms)
			TypeCache.Refresh (116ms)
				TypeCache.ScanAssembly (107ms)
			ScanForSourceGeneratedMonoScriptInfo (19ms)
			ResolveRequiredComponents (7ms)
	FinalizeReload (548ms)
		ReleaseScriptCaches (0ms)
		RebuildScriptCaches (0ms)
		SetupLoadedEditorAssemblies (429ms)
			LogAssemblyErrors (0ms)
			InitializePlatformSupportModulesInManaged (4ms)
			SetLoadedEditorAssemblies (4ms)
			RefreshPlugins (0ms)
			BeforeProcessingInitializeOnLoad (89ms)
			ProcessInitializeOnLoadAttributes (299ms)
			ProcessInitializeOnLoadMethodAttributes (26ms)
			AfterProcessingInitializeOnLoad (7ms)
			EditorAssembliesLoaded (0ms)
		ExecutionOrderSort2 (0ms)
		AwakeInstancesAfterBackupRestoration (4ms)
Launched and connected shader compiler UnityShaderCompiler.exe after 0.03 seconds
Refreshing native plugins compatible for Editor in 2.03 ms, found 1 plugins.
Preloading 0 native plugins for Editor in 0.00 ms.
Unloading 7008 Unused Serialized files (Serialized files now loaded: 0)
Unloading 245 unused Assets / (13.9 MB). Loaded Objects now: 7373.
Memory consumption went from 325.1 MB to 311.2 MB.
Total: 5.033800 ms (FindLiveObjects: 0.416600 ms CreateObjectMapping: 0.100600 ms MarkObjects: 1.966000 ms  DeleteObjects: 2.549900 ms)

AssetImportParameters requested are different than current active one (requested -> active):
  custom:container-demuxer-ogg: 62fdf1f143b41e24485cea50d1cbac27 -> 
  custom:framework-win-MediaFoundation: 216162199b28c13a410421893ffa2e32 -> 
  custom:container-muxer-webm: aa71ff27fc2769a1b78a27578f13a17b -> 
  custom:video-decoder-webm-vp8: 9c59270c3fd7afecdb556c50c9e8de78 -> 
  custom:SearchIndexIgnoredProperties: e643bd26f0fe6173181afceb89e7c659 -> 
  custom:AudioImporter_EditorPlatform: d09bf68614088b80899f8185d706f6e7 -> 
  custom:audio-decoder-ogg-vorbis: bf7c407c2cedff20999df2af8eb42d56 -> 
  custom:audio-encoder-webm-vorbis: bf7c407c2cedff20999df2af8eb42d56 -> 
  custom:video-codec-MediaFoundation-h265: 746d11721c4dcdbdad8f713fa42b33f4 -> 
  custom:video-decoder-ogg-theora: a1e56fd34408186e4bbccfd4996cb3dc -> 
  custom:CustomObjectIndexerAttribute: a3ef5dd2817f97addfee359851a9dba5 -> 
  custom:container-demuxer-webm: 4f35f7cbe854078d1ac9338744f61a02 -> 
  custom:video-encoder-webm-vp8: eb34c28f22e8b96e1ab97ce403110664 -> 
========================================================================
Received Prepare
Begin MonoManager ReloadAssembly
- Loaded All Assemblies, in  0.375 seconds
Refreshing native plugins compatible for Editor in 2.64 ms, found 1 plugins.
Native extension for WindowsStandalone target not found
Mono: successfully reloaded assembly
- Finished resetting the current domain, in  1.278 seconds
Domain Reload Profiling: 1650ms
	BeginReloadAssembly (117ms)
		ExecutionOrderSort (0ms)
		DisableScriptedObjects (2ms)
		BackupInstance (0ms)
		ReleaseScriptingObjects (0ms)
		CreateAndSetChildDomain (34ms)
	RebuildCommonClasses (17ms)
	RebuildNativeTypeToScriptingClass (6ms)
	initialDomainReloadingComplete (22ms)
	LoadAllAssembliesAndSetupDomain (210ms)
		LoadAssemblies (215ms)
		RebuildTransferFunctionScriptingTraits (0ms)
		AnalyzeDomain (44ms)
			TypeCache.Refresh (6ms)
				TypeCache.ScanAssembly (0ms)
			ScanForSourceGeneratedMonoScriptInfo (28ms)
			ResolveRequiredComponents (9ms)
	FinalizeReload (1279ms)
		ReleaseScriptCaches (0ms)
		RebuildScriptCaches (0ms)
		SetupLoadedEditorAssemblies (507ms)
			LogAssemblyErrors (0ms)
			InitializePlatformSupportModulesInManaged (4ms)
			SetLoadedEditorAssemblies (5ms)
			RefreshPlugins (0ms)
			BeforeProcessingInitializeOnLoad (114ms)
			ProcessInitializeOnLoadAttributes (354ms)
			ProcessInitializeOnLoadMethodAttributes (23ms)
			AfterProcessingInitializeOnLoad (6ms)
			EditorAssembliesLoaded (0ms)
		ExecutionOrderSort2 (0ms)
		AwakeInstancesAfterBackupRestoration (4ms)
Refreshing native plugins compatible for Editor in 2.90 ms, found 1 plugins.
Preloading 0 native plugins for Editor in 0.00 ms.
Unloading 6782 Unused Serialized files (Serialized files now loaded: 0)
Unloading 184 unused Assets / (13.9 MB). Loaded Objects now: 7388.
Memory consumption went from 273.8 MB to 259.9 MB.
Total: 4.636000 ms (FindLiveObjects: 0.392000 ms CreateObjectMapping: 0.101200 ms MarkObjects: 1.844700 ms  DeleteObjects: 2.297600 ms)

Prepare: number of updated asset objects reloaded= 0
AssetImportParameters requested are different than current active one (requested -> active):
  custom:container-demuxer-ogg: 62fdf1f143b41e24485cea50d1cbac27 -> 
  custom:framework-win-MediaFoundation: 216162199b28c13a410421893ffa2e32 -> 
  custom:container-muxer-webm: aa71ff27fc2769a1b78a27578f13a17b -> 
  custom:video-decoder-webm-vp8: 9c59270c3fd7afecdb556c50c9e8de78 -> 
  custom:SearchIndexIgnoredProperties: e643bd26f0fe6173181afceb89e7c659 -> 
  custom:AudioImporter_EditorPlatform: d09bf68614088b80899f8185d706f6e7 -> 
  custom:audio-decoder-ogg-vorbis: bf7c407c2cedff20999df2af8eb42d56 -> 
  custom:audio-encoder-webm-vorbis: bf7c407c2cedff20999df2af8eb42d56 -> 
  custom:video-codec-MediaFoundation-h265: 746d11721c4dcdbdad8f713fa42b33f4 -> 
  custom:video-decoder-ogg-theora: a1e56fd34408186e4bbccfd4996cb3dc -> 
  custom:CustomObjectIndexerAttribute: a3ef5dd2817f97addfee359851a9dba5 -> 
  custom:container-demuxer-webm: 4f35f7cbe854078d1ac9338744f61a02 -> 
  custom:video-encoder-webm-vp8: eb34c28f22e8b96e1ab97ce403110664 -> 
========================================================================
Received Prepare
Begin MonoManager ReloadAssembly
- Loaded All Assemblies, in  0.906 seconds
Refreshing native plugins compatible for Editor in 2.15 ms, found 1 plugins.
Native extension for WindowsStandalone target not found
Mono: successfully reloaded assembly
- Finished resetting the current domain, in  8.380 seconds
Domain Reload Profiling: 9284ms
	BeginReloadAssembly (131ms)
		ExecutionOrderSort (0ms)
		DisableScriptedObjects (2ms)
		BackupInstance (0ms)
		ReleaseScriptingObjects (0ms)
		CreateAndSetChildDomain (31ms)
	RebuildCommonClasses (83ms)
	RebuildNativeTypeToScriptingClass (8ms)
	initialDomainReloadingComplete (19ms)
	LoadAllAssembliesAndSetupDomain (662ms)
		LoadAssemblies (693ms)
		RebuildTransferFunctionScriptingTraits (0ms)
		AnalyzeDomain (40ms)
			TypeCache.Refresh (6ms)
				TypeCache.ScanAssembly (0ms)
			ScanForSourceGeneratedMonoScriptInfo (25ms)
			ResolveRequiredComponents (7ms)
	FinalizeReload (8381ms)
		ReleaseScriptCaches (0ms)
		RebuildScriptCaches (0ms)
		SetupLoadedEditorAssemblies (361ms)
			LogAssemblyErrors (0ms)
			InitializePlatformSupportModulesInManaged (4ms)
			SetLoadedEditorAssemblies (3ms)
			RefreshPlugins (0ms)
			BeforeProcessingInitializeOnLoad (83ms)
			ProcessInitializeOnLoadAttributes (248ms)
			ProcessInitializeOnLoadMethodAttributes (17ms)
			AfterProcessingInitializeOnLoad (5ms)
			EditorAssembliesLoaded (0ms)
		ExecutionOrderSort2 (0ms)
		AwakeInstancesAfterBackupRestoration (3ms)
Refreshing native plugins compatible for Editor in 2.56 ms, found 1 plugins.
Preloading 0 native plugins for Editor in 0.00 ms.
Unloading 6782 Unused Serialized files (Serialized files now loaded: 0)
Unloading 184 unused Assets / (13.9 MB). Loaded Objects now: 7403.
Memory consumption went from 275.8 MB to 261.8 MB.
Total: 4.886700 ms (FindLiveObjects: 0.427900 ms CreateObjectMapping: 0.108900 ms MarkObjects: 1.889500 ms  DeleteObjects: 2.459800 ms)

Prepare: number of updated asset objects reloaded= 0
AssetImportParameters requested are different than current active one (requested -> active):
  custom:container-demuxer-ogg: 62fdf1f143b41e24485cea50d1cbac27 -> 
  custom:framework-win-MediaFoundation: 216162199b28c13a410421893ffa2e32 -> 
  custom:container-muxer-webm: aa71ff27fc2769a1b78a27578f13a17b -> 
  custom:video-decoder-webm-vp8: 9c59270c3fd7afecdb556c50c9e8de78 -> 
  custom:SearchIndexIgnoredProperties: e643bd26f0fe6173181afceb89e7c659 -> 
  custom:AudioImporter_EditorPlatform: d09bf68614088b80899f8185d706f6e7 -> 
  custom:audio-decoder-ogg-vorbis: bf7c407c2cedff20999df2af8eb42d56 -> 
  custom:audio-encoder-webm-vorbis: bf7c407c2cedff20999df2af8eb42d56 -> 
  custom:video-codec-MediaFoundation-h265: 746d11721c4dcdbdad8f713fa42b33f4 -> 
  custom:video-decoder-ogg-theora: a1e56fd34408186e4bbccfd4996cb3dc -> 
  custom:CustomObjectIndexerAttribute: a3ef5dd2817f97addfee359851a9dba5 -> 
  custom:container-demuxer-webm: 4f35f7cbe854078d1ac9338744f61a02 -> 
  custom:video-encoder-webm-vp8: eb34c28f22e8b96e1ab97ce403110664 -> 
========================================================================
Received Prepare
Begin MonoManager ReloadAssembly
- Loaded All Assemblies, in  0.326 seconds
Refreshing native plugins compatible for Editor in 2.84 ms, found 1 plugins.
Native extension for WindowsStandalone target not found
Mono: successfully reloaded assembly
- Finished resetting the current domain, in  0.940 seconds
Domain Reload Profiling: 1264ms
	BeginReloadAssembly (101ms)
		ExecutionOrderSort (0ms)
		DisableScriptedObjects (2ms)
		BackupInstance (0ms)
		ReleaseScriptingObjects (0ms)
		CreateAndSetChildDomain (28ms)
	RebuildCommonClasses (17ms)
	RebuildNativeTypeToScriptingClass (6ms)
	initialDomainReloadingComplete (17ms)
	LoadAllAssembliesAndSetupDomain (183ms)
		LoadAssemblies (188ms)
		RebuildTransferFunctionScriptingTraits (0ms)
		AnalyzeDomain (41ms)
			TypeCache.Refresh (6ms)
				TypeCache.ScanAssembly (0ms)
			ScanForSourceGeneratedMonoScriptInfo (28ms)
			ResolveRequiredComponents (7ms)
	FinalizeReload (941ms)
		ReleaseScriptCaches (0ms)
		RebuildScriptCaches (0ms)
		SetupLoadedEditorAssemblies (350ms)
			LogAssemblyErrors (0ms)
			InitializePlatformSupportModulesInManaged (4ms)
			SetLoadedEditorAssemblies (4ms)
			RefreshPlugins (0ms)
			BeforeProcessingInitializeOnLoad (81ms)
			ProcessInitializeOnLoadAttributes (239ms)
			ProcessInitializeOnLoadMethodAttributes (16ms)
			AfterProcessingInitializeOnLoad (5ms)
			EditorAssembliesLoaded (0ms)
		ExecutionOrderSort2 (0ms)
		AwakeInstancesAfterBackupRestoration (3ms)
Refreshing native plugins compatible for Editor in 2.46 ms, found 1 plugins.
Preloading 0 native plugins for Editor in 0.00 ms.
Unloading 6782 Unused Serialized files (Serialized files now loaded: 0)
Unloading 184 unused Assets / (13.9 MB). Loaded Objects now: 7418.
Memory consumption went from 277.7 MB to 263.8 MB.
Total: 4.771000 ms (FindLiveObjects: 0.462800 ms CreateObjectMapping: 0.098500 ms MarkObjects: 1.867700 ms  DeleteObjects: 2.341500 ms)

Prepare: number of updated asset objects reloaded= 0
AssetImportParameters requested are different than current active one (requested -> active):
  custom:container-demuxer-ogg: 62fdf1f143b41e24485cea50d1cbac27 -> 
  custom:framework-win-MediaFoundation: 216162199b28c13a410421893ffa2e32 -> 
  custom:container-muxer-webm: aa71ff27fc2769a1b78a27578f13a17b -> 
  custom:video-decoder-webm-vp8: 9c59270c3fd7afecdb556c50c9e8de78 -> 
  custom:SearchIndexIgnoredProperties: e643bd26f0fe6173181afceb89e7c659 -> 
  custom:AudioImporter_EditorPlatform: d09bf68614088b80899f8185d706f6e7 -> 
  custom:audio-decoder-ogg-vorbis: bf7c407c2cedff20999df2af8eb42d56 -> 
  custom:audio-encoder-webm-vorbis: bf7c407c2cedff20999df2af8eb42d56 -> 
  custom:video-codec-MediaFoundation-h265: 746d11721c4dcdbdad8f713fa42b33f4 -> 
  custom:video-decoder-ogg-theora: a1e56fd34408186e4bbccfd4996cb3dc -> 
  custom:CustomObjectIndexerAttribute: a3ef5dd2817f97addfee359851a9dba5 -> 
  custom:container-demuxer-webm: 4f35f7cbe854078d1ac9338744f61a02 -> 
  custom:video-encoder-webm-vp8: eb34c28f22e8b96e1ab97ce403110664 -> 
========================================================================
Received Import Request.
  Time since last request: 621718.332097 seconds.
  path: Assets/External Assets/polyperfect/Low Poly Ultimate Pack/- Materials/Colors/45 BLUE-LIGHT-LPUP.mat
  artifactKey: Guid(6a1a1ff74be63374aa9c17b8e7395b39) Importer(815301076,1909f56bfc062723c751e8b465ee728b)
Start importing Assets/External Assets/polyperfect/Low Poly Ultimate Pack/- Materials/Colors/45 BLUE-LIGHT-LPUP.mat using Guid(6a1a1ff74be63374aa9c17b8e7395b39) Importer(815301076,1909f56bfc062723c751e8b465ee728b)  -> (artifact id: 'f38ed3bd86eba45a5fa0c8f96a2d6cde') in 0.076606 seconds
Number of updated asset objects reloaded before import = 0
Number of asset objects unloaded after import = 1
========================================================================
Received Import Request.
  Time since last request: 0.000016 seconds.
  path: Assets/External Assets/polyperfect/Low Poly Ultimate Pack/T/- Meshes_T/Buildings_T/building-block-5floor.fbx
  artifactKey: Guid(5ac193b06597b154a89f246c8efcd515) Importer(815301076,1909f56bfc062723c751e8b465ee728b)
Start importing Assets/External Assets/polyperfect/Low Poly Ultimate Pack/T/- Meshes_T/Buildings_T/building-block-5floor.fbx using Guid(5ac193b06597b154a89f246c8efcd515) Importer(815301076,1909f56bfc062723c751e8b465ee728b)  -> (artifact id: '38ed8f3f067831f70c5f56afabfc4492') in 0.029262 seconds
Number of updated asset objects reloaded before import = 0
Number of asset objects unloaded after import = 7
========================================================================
Received Import Request.
  Time since last request: 0.000020 seconds.
  path: Assets/External Assets/polyperfect/Low Poly Ultimate Pack/T/- Meshes_T/Buildings_T/building-block-5floor-corner.fbx
  artifactKey: Guid(3c43b3f0d87fcd842aae310165f36f70) Importer(815301076,1909f56bfc062723c751e8b465ee728b)
Start importing Assets/External Assets/polyperfect/Low Poly Ultimate Pack/T/- Meshes_T/Buildings_T/building-block-5floor-corner.fbx using Guid(3c43b3f0d87fcd842aae310165f36f70) Importer(815301076,1909f56bfc062723c751e8b465ee728b)  -> (artifact id: '76b5ab2c0da2ec4495c22024dc6da922') in 0.012447 seconds
Number of updated asset objects reloaded before import = 0
Number of asset objects unloaded after import = 7
========================================================================
Received Import Request.
  Time since last request: 0.000011 seconds.
  path: Assets/External Assets/polyperfect/Low Poly Ultimate Pack/T/- Meshes_T/Apocalypse_T/building-block-5floor-front-apocalypse.fbx
  artifactKey: Guid(50da9c4e0ebfc224d85c69d222937d79) Importer(815301076,1909f56bfc062723c751e8b465ee728b)
Start importing Assets/External Assets/polyperfect/Low Poly Ultimate Pack/T/- Meshes_T/Apocalypse_T/building-block-5floor-front-apocalypse.fbx using Guid(50da9c4e0ebfc224d85c69d222937d79) Importer(815301076,1909f56bfc062723c751e8b465ee728b)  -> (artifact id: 'f495639706a00167f3f042fff285f733') in 0.023955 seconds
Number of updated asset objects reloaded before import = 0
Number of asset objects unloaded after import = 14
========================================================================
Received Import Request.
  Time since last request: 0.000017 seconds.
  path: Assets/External Assets/polyperfect/Low Poly Ultimate Pack/T/- Meshes_T/Buildings_T/building-block-5floor-front.fbx
  artifactKey: Guid(23368e1c5af52e748a78b38f2ac81037) Importer(815301076,1909f56bfc062723c751e8b465ee728b)
Start importing Assets/External Assets/polyperfect/Low Poly Ultimate Pack/T/- Meshes_T/Buildings_T/building-block-5floor-front.fbx using Guid(23368e1c5af52e748a78b38f2ac81037) Importer(815301076,1909f56bfc062723c751e8b465ee728b)  -> (artifact id: '39622eb1501e2e3ac50259a7a1c4620d') in 0.018311 seconds
Number of updated asset objects reloaded before import = 0
Number of asset objects unloaded after import = 7
========================================================================
Received Import Request.
  Time since last request: 0.000012 seconds.
  path: Assets/External Assets/polyperfect/Low Poly Ultimate Pack/- Materials/Colors/52 PINK-LPUP.mat
  artifactKey: Guid(c44501de50bef411e8f88b70fe39490e) Importer(815301076,1909f56bfc062723c751e8b465ee728b)
Start importing Assets/External Assets/polyperfect/Low Poly Ultimate Pack/- Materials/Colors/52 PINK-LPUP.mat using Guid(c44501de50bef411e8f88b70fe39490e) Importer(815301076,1909f56bfc062723c751e8b465ee728b)  -> (artifact id: '6edbf49766438d54627c0e78383b5fee') in 0.009535 seconds
Number of updated asset objects reloaded before import = 0
Number of asset objects unloaded after import = 1
========================================================================
Received Import Request.
  Time since last request: 0.000013 seconds.
  path: Assets/External Assets/polyperfect/Low Poly Ultimate Pack/- Materials/Colors/47 BLUE-WHITE-LPUP.mat
  artifactKey: Guid(5f35ae9530edec84085e28d4c3302e29) Importer(815301076,1909f56bfc062723c751e8b465ee728b)
Start importing Assets/External Assets/polyperfect/Low Poly Ultimate Pack/- Materials/Colors/47 BLUE-WHITE-LPUP.mat using Guid(5f35ae9530edec84085e28d4c3302e29) Importer(815301076,1909f56bfc062723c751e8b465ee728b)  -> (artifact id: '2840c3d44c873bd49357dbf0c9bb9100') in 0.009960 seconds
Number of updated asset objects reloaded before import = 0
Number of asset objects unloaded after import = 1
========================================================================
Received Import Request.
  Time since last request: 0.000020 seconds.
  path: Assets/External Assets/polyperfect/Low Poly Ultimate Pack/T/- Meshes_T/Electronics_T/light-ring-sit.fbx
  artifactKey: Guid(6b3afef9ad305b440ac9eae9536f6983) Importer(815301076,1909f56bfc062723c751e8b465ee728b)
Start importing Assets/External Assets/polyperfect/Low Poly Ultimate Pack/T/- Meshes_T/Electronics_T/light-ring-sit.fbx using Guid(6b3afef9ad305b440ac9eae9536f6983) Importer(815301076,1909f56bfc062723c751e8b465ee728b)  -> (artifact id: '1378335ae3a43d81b2057962a6c689fa') in 0.014087 seconds
Number of updated asset objects reloaded before import = 0
Number of asset objects unloaded after import = 7
========================================================================
Received Import Request.
  Time since last request: 0.000016 seconds.
  path: Assets/External Assets/polyperfect/Low Poly Ultimate Pack/M/- Meshes_M/Electronics_M/light-ring-stand.fbx
  artifactKey: Guid(6c67faf4eea04064381325f2ef2a0f98) Importer(815301076,1909f56bfc062723c751e8b465ee728b)
Start importing Assets/External Assets/polyperfect/Low Poly Ultimate Pack/M/- Meshes_M/Electronics_M/light-ring-stand.fbx using Guid(6c67faf4eea04064381325f2ef2a0f98) Importer(815301076,1909f56bfc062723c751e8b465ee728b)  -> (artifact id: 'bd245b64583c8efeaac6ccadf017303e') in 0.013342 seconds
Number of updated asset objects reloaded before import = 0
Number of asset objects unloaded after import = 7
========================================================================
Received Import Request.
  Time since last request: 0.000012 seconds.
  path: Assets/External Assets/polyperfect/Low Poly Ultimate Pack/- Materials/Colors/Transparent/48 TRANSPARENT BLUE-LPUP.mat
  artifactKey: Guid(d0054e2826ae0cc4e8abb517bd8d7ac5) Importer(815301076,1909f56bfc062723c751e8b465ee728b)
Start importing Assets/External Assets/polyperfect/Low Poly Ultimate Pack/- Materials/Colors/Transparent/48 TRANSPARENT BLUE-LPUP.mat using Guid(d0054e2826ae0cc4e8abb517bd8d7ac5) Importer(815301076,1909f56bfc062723c751e8b465ee728b)  -> (artifact id: '4a7b9a8327d456d0bd874814071e867b') in 0.011743 seconds
Number of updated asset objects reloaded before import = 0
Number of asset objects unloaded after import = 1
========================================================================
Received Import Request.
  Time since last request: 0.000013 seconds.
  path: Assets/External Assets/polyperfect/Low Poly Ultimate Pack/M/- Prefabs_M/Scifi_M/Scifi Furniture_M/scifi-sofa-round.prefab
  artifactKey: Guid(51ae206928af2d54ab97e27f02c0a743) Importer(815301076,1909f56bfc062723c751e8b465ee728b)
Start importing Assets/External Assets/polyperfect/Low Poly Ultimate Pack/M/- Prefabs_M/Scifi_M/Scifi Furniture_M/scifi-sofa-round.prefab using Guid(51ae206928af2d54ab97e27f02c0a743) Importer(815301076,1909f56bfc062723c751e8b465ee728b)  -> (artifact id: '04ee055bb8807de4676a23178d70ad14') in 0.017098 seconds
Number of updated asset objects reloaded before import = 0
Number of asset objects unloaded after import = 10
========================================================================
Received Import Request.
  Time since last request: 0.000016 seconds.
  path: Assets/External Assets/polyperfect/Low Poly Ultimate Pack/M/- Prefabs_M/Scifi_M/Scifi Furniture_M/scifi-sofa-single.prefab
  artifactKey: Guid(abb8202888393d54ea4630a519b8403d) Importer(815301076,1909f56bfc062723c751e8b465ee728b)
Start importing Assets/External Assets/polyperfect/Low Poly Ultimate Pack/M/- Prefabs_M/Scifi_M/Scifi Furniture_M/scifi-sofa-single.prefab using Guid(abb8202888393d54ea4630a519b8403d) Importer(815301076,1909f56bfc062723c751e8b465ee728b)  -> (artifact id: '9975791066fc58bf34d0f976143166f0') in 0.009126 seconds
Number of updated asset objects reloaded before import = 0
Number of asset objects unloaded after import = 10
========================================================================
Received Import Request.
  Time since last request: 0.000018 seconds.
  path: Assets/External Assets/polyperfect/Low Poly Ultimate Pack/M/- Meshes_M/Scifi_M/scifi-solar-panel-hexagon.fbx
  artifactKey: Guid(1768bb55f78bbea41a5ab46fba989869) Importer(815301076,1909f56bfc062723c751e8b465ee728b)
Start importing Assets/External Assets/polyperfect/Low Poly Ultimate Pack/M/- Meshes_M/Scifi_M/scifi-solar-panel-hexagon.fbx using Guid(1768bb55f78bbea41a5ab46fba989869) Importer(815301076,1909f56bfc062723c751e8b465ee728b)  -> (artifact id: 'f1ff9efbd201eb0ab8aa8cd020b13237') in 0.012334 seconds
Number of updated asset objects reloaded before import = 0
Number of asset objects unloaded after import = 7
========================================================================
Received Import Request.
  Time since last request: 0.000013 seconds.
  path: Assets/External Assets/polyperfect/Low Poly Ultimate Pack/M/- Prefabs_M/Survival_M/bear-trap.prefab
  artifactKey: Guid(f7234947f3b2a43508a1ead6ce2e7d6e) Importer(815301076,1909f56bfc062723c751e8b465ee728b)
Start importing Assets/External Assets/polyperfect/Low Poly Ultimate Pack/M/- Prefabs_M/Survival_M/bear-trap.prefab using Guid(f7234947f3b2a43508a1ead6ce2e7d6e) Importer(815301076,1909f56bfc062723c751e8b465ee728b)  -> (artifact id: 'c0bb320ee0a751b4cbb9a3388f7882c2') in 0.017687 seconds
Number of updated asset objects reloaded before import = 0
Number of asset objects unloaded after import = 9
========================================================================
Received Import Request.
  Time since last request: 0.000014 seconds.
  path: Assets/External Assets/polyperfect/Low Poly Ultimate Pack/M/- Meshes_M/Scifi_M/scifi-turret-base-square-small.fbx
  artifactKey: Guid(882f881fd9de1924b8a7e5fa73ed7508) Importer(815301076,1909f56bfc062723c751e8b465ee728b)
Start importing Assets/External Assets/polyperfect/Low Poly Ultimate Pack/M/- Meshes_M/Scifi_M/scifi-turret-base-square-small.fbx using Guid(882f881fd9de1924b8a7e5fa73ed7508) Importer(815301076,1909f56bfc062723c751e8b465ee728b)  -> (artifact id: 'c7c3541f08e1496f62831ad1017b7879') in 0.014158 seconds
Number of updated asset objects reloaded before import = 0
Number of asset objects unloaded after import = 7
========================================================================
Received Import Request.
  Time since last request: 0.000010 seconds.
  path: Assets/External Assets/polyperfect/Low Poly Ultimate Pack/M/- Prefabs_M/Scifi_M/scifi-turret-base-square-small.prefab
  artifactKey: Guid(4df9d360f2abdcd40a604c220b4ef651) Importer(815301076,1909f56bfc062723c751e8b465ee728b)
Start importing Assets/External Assets/polyperfect/Low Poly Ultimate Pack/M/- Prefabs_M/Scifi_M/scifi-turret-base-square-small.prefab using Guid(4df9d360f2abdcd40a604c220b4ef651) Importer(815301076,1909f56bfc062723c751e8b465ee728b)  -> (artifact id: 'ed011395d69741f147b3b6d8d76c2701') in 0.008286 seconds
Number of updated asset objects reloaded before import = 0
Number of asset objects unloaded after import = 10
========================================================================
Received Import Request.
  Time since last request: 0.000010 seconds.
  path: Assets/External Assets/polyperfect/Low Poly Ultimate Pack/M/- Prefabs_M/Vehicles_M/Cars_M/car-passenger.prefab
  artifactKey: Guid(7a1d88942353f4528b7e0dcbf832516b) Importer(815301076,1909f56bfc062723c751e8b465ee728b)
Start importing Assets/External Assets/polyperfect/Low Poly Ultimate Pack/M/- Prefabs_M/Vehicles_M/Cars_M/car-passenger.prefab using Guid(7a1d88942353f4528b7e0dcbf832516b) Importer(815301076,1909f56bfc062723c751e8b465ee728b)  -> (artifact id: '6af5cb094c83534dd2d755197ed9c555') in 0.016869 seconds
Number of updated asset objects reloaded before import = 0
Number of asset objects unloaded after import = 37
========================================================================
Received Import Request.
  Time since last request: 0.000011 seconds.
  path: Assets/External Assets/polyperfect/Low Poly Ultimate Pack/M/- Meshes_M/Vehicles_M/car-passenger.fbx
  artifactKey: Guid(85b3209bf897e4088ac4bb00033db6a1) Importer(815301076,1909f56bfc062723c751e8b465ee728b)
Start importing Assets/External Assets/polyperfect/Low Poly Ultimate Pack/M/- Meshes_M/Vehicles_M/car-passenger.fbx using Guid(85b3209bf897e4088ac4bb00033db6a1) Importer(815301076,1909f56bfc062723c751e8b465ee728b)  -> (artifact id: '8ab5d15b9456131cde4b8262f90af593') in 0.042950 seconds
Number of updated asset objects reloaded before import = 0
Number of asset objects unloaded after import = 29
========================================================================
Received Import Request.
  Time since last request: 0.000010 seconds.
  path: Assets/External Assets/polyperfect/Low Poly Ultimate Pack/M/- Meshes_M/Animals_M/bear.fbx
  artifactKey: Guid(25644fdb850987743b9d4d04e6a9b856) Importer(815301076,1909f56bfc062723c751e8b465ee728b)
Start importing Assets/External Assets/polyperfect/Low Poly Ultimate Pack/M/- Meshes_M/Animals_M/bear.fbx using Guid(25644fdb850987743b9d4d04e6a9b856) Importer(815301076,1909f56bfc062723c751e8b465ee728b)  -> (artifact id: '7e33040a01e99322f2c3a396b2ce7f21') in 0.013900 seconds
Number of updated asset objects reloaded before import = 0
Number of asset objects unloaded after import = 7
========================================================================
Received Import Request.
  Time since last request: 0.000019 seconds.
  path: Assets/External Assets/polyperfect/Low Poly Ultimate Pack/M/- Meshes_M/Electronics_M/light-ring-sit.fbx
  artifactKey: Guid(c62c5abeb16ef6c439815bf6215d7181) Importer(815301076,1909f56bfc062723c751e8b465ee728b)
Start importing Assets/External Assets/polyperfect/Low Poly Ultimate Pack/M/- Meshes_M/Electronics_M/light-ring-sit.fbx using Guid(c62c5abeb16ef6c439815bf6215d7181) Importer(815301076,1909f56bfc062723c751e8b465ee728b)  -> (artifact id: 'b0934a1f8672e5402a843198cd491b2b') in 0.014196 seconds
Number of updated asset objects reloaded before import = 0
Number of asset objects unloaded after import = 7
========================================================================
Received Import Request.
  Time since last request: 0.000013 seconds.
  path: Assets/External Assets/polyperfect/Low Poly Ultimate Pack/M/- Prefabs_M/Electronics_M/light-ring-stand.prefab
  artifactKey: Guid(11aff12ae04c2aa438888651198a8e88) Importer(815301076,1909f56bfc062723c751e8b465ee728b)
Start importing Assets/External Assets/polyperfect/Low Poly Ultimate Pack/M/- Prefabs_M/Electronics_M/light-ring-stand.prefab using Guid(11aff12ae04c2aa438888651198a8e88) Importer(815301076,1909f56bfc062723c751e8b465ee728b)  -> (artifact id: '4e85c356a27d8acb1830bb22a8ccdc9f') in 0.010385 seconds
Number of updated asset objects reloaded before import = 0
Number of asset objects unloaded after import = 12
========================================================================
Received Import Request.
  Time since last request: 0.000019 seconds.
  path: Assets/External Assets/polyperfect/Low Poly Ultimate Pack/M/- Meshes_M/Scifi_M/scifi-sofa-round.fbx
  artifactKey: Guid(ab9101b64ee84cf44ae5f8de777230ce) Importer(815301076,1909f56bfc062723c751e8b465ee728b)
Start importing Assets/External Assets/polyperfect/Low Poly Ultimate Pack/M/- Meshes_M/Scifi_M/scifi-sofa-round.fbx using Guid(ab9101b64ee84cf44ae5f8de777230ce) Importer(815301076,1909f56bfc062723c751e8b465ee728b)  -> (artifact id: '98bfa9526dbe2cee683067105df66307') in 0.012623 seconds
Number of updated asset objects reloaded before import = 0
Number of asset objects unloaded after import = 7
========================================================================
Received Import Request.
  Time since last request: 0.000011 seconds.
  path: Assets/External Assets/polyperfect/Low Poly Ultimate Pack/M/- Prefabs_M/Scifi_M/scifi-vial-crate.prefab
  artifactKey: Guid(3c99f20eb963c654c9a65e78a4f619af) Importer(815301076,1909f56bfc062723c751e8b465ee728b)
Start importing Assets/External Assets/polyperfect/Low Poly Ultimate Pack/M/- Prefabs_M/Scifi_M/scifi-vial-crate.prefab using Guid(3c99f20eb963c654c9a65e78a4f619af) Importer(815301076,1909f56bfc062723c751e8b465ee728b)  -> (artifact id: '9fb00e7c575e2bd8ee3dbe1bee4716a1') in 0.020504 seconds
Number of updated asset objects reloaded before import = 0
Number of asset objects unloaded after import = 12
========================================================================
Received Import Request.
  Time since last request: 0.000015 seconds.
  path: Assets/External Assets/polyperfect/Low Poly Ultimate Pack/M/- Prefabs_M/Scifi_M/scifi-vial-holder.prefab
  artifactKey: Guid(d23a6c8cb43ba7842a635e633c8aa836) Importer(815301076,1909f56bfc062723c751e8b465ee728b)
Start importing Assets/External Assets/polyperfect/Low Poly Ultimate Pack/M/- Prefabs_M/Scifi_M/scifi-vial-holder.prefab using Guid(d23a6c8cb43ba7842a635e633c8aa836) Importer(815301076,1909f56bfc062723c751e8b465ee728b)  -> (artifact id: '3bb22bcd3a8f272e6f046a41e385a9ef') in 0.010389 seconds
Number of updated asset objects reloaded before import = 0
Number of asset objects unloaded after import = 12
========================================================================
Received Import Request.
  Time since last request: 0.000012 seconds.
  path: Assets/External Assets/polyperfect/Low Poly Ultimate Pack/M/- Meshes_M/Scifi_M/scifi-vial-crate.fbx
  artifactKey: Guid(8c1ef4e997ac28e4585e41da7113892c) Importer(815301076,1909f56bfc062723c751e8b465ee728b)
Start importing Assets/External Assets/polyperfect/Low Poly Ultimate Pack/M/- Meshes_M/Scifi_M/scifi-vial-crate.fbx using Guid(8c1ef4e997ac28e4585e41da7113892c) Importer(815301076,1909f56bfc062723c751e8b465ee728b)  -> (artifact id: '88462dc1569052f21a0ba88e38244f9d') in 0.009674 seconds
Number of updated asset objects reloaded before import = 0
Number of asset objects unloaded after import = 7
========================================================================
Received Import Request.
  Time since last request: 0.000013 seconds.
  path: Assets/External Assets/polyperfect/Low Poly Ultimate Pack/M/- Prefabs_M/Scifi_M/scifi-solar-panel-hexagon.prefab
  artifactKey: Guid(1d5914e7e8ce8664399109c4584cd259) Importer(815301076,1909f56bfc062723c751e8b465ee728b)
Start importing Assets/External Assets/polyperfect/Low Poly Ultimate Pack/M/- Prefabs_M/Scifi_M/scifi-solar-panel-hexagon.prefab using Guid(1d5914e7e8ce8664399109c4584cd259) Importer(815301076,1909f56bfc062723c751e8b465ee728b)  -> (artifact id: '2a55ac265ad7d4da0de8c8f29571bf48') in 0.014118 seconds
Number of updated asset objects reloaded before import = 0
Number of asset objects unloaded after import = 11
========================================================================
Received Import Request.
  Time since last request: 0.000015 seconds.
  path: Assets/External Assets/polyperfect/Low Poly Ultimate Pack/M/- Meshes_M/Tools_M/shovel.fbx
  artifactKey: Guid(3f95ceb5f37d18f46be6ca5c7106a199) Importer(815301076,1909f56bfc062723c751e8b465ee728b)
Start importing Assets/External Assets/polyperfect/Low Poly Ultimate Pack/M/- Meshes_M/Tools_M/shovel.fbx using Guid(3f95ceb5f37d18f46be6ca5c7106a199) Importer(815301076,1909f56bfc062723c751e8b465ee728b)  -> (artifact id: '6b7d81a11008646616c969ebc5a658c2') in 0.013211 seconds
Number of updated asset objects reloaded before import = 0
Number of asset objects unloaded after import = 7
========================================================================
Received Import Request.
  Time since last request: 0.000016 seconds.
  path: Assets/External Assets/polyperfect/Low Poly Ultimate Pack/M/- Meshes_M/Furniture_M/shower-enclosure-curved-closed.fbx
  artifactKey: Guid(5b13332ac9a625c469e450254a243ddf) Importer(815301076,1909f56bfc062723c751e8b465ee728b)
Start importing Assets/External Assets/polyperfect/Low Poly Ultimate Pack/M/- Meshes_M/Furniture_M/shower-enclosure-curved-closed.fbx using Guid(5b13332ac9a625c469e450254a243ddf) Importer(815301076,1909f56bfc062723c751e8b465ee728b)  -> (artifact id: '23fecd5aa8eecd69c0a848ff41cceec2') in 0.015385 seconds
Number of updated asset objects reloaded before import = 0
Number of asset objects unloaded after import = 7
========================================================================
Received Import Request.
  Time since last request: 0.000016 seconds.
  path: Assets/External Assets/polyperfect/Low Poly Ultimate Pack/M/- Prefabs_M/Furniture_M/shower-enclosure-curved-closed.prefab
  artifactKey: Guid(f96dc9acd7949f4458bbbb2893c9e379) Importer(815301076,1909f56bfc062723c751e8b465ee728b)
Start importing Assets/External Assets/polyperfect/Low Poly Ultimate Pack/M/- Prefabs_M/Furniture_M/shower-enclosure-curved-closed.prefab using Guid(f96dc9acd7949f4458bbbb2893c9e379) Importer(815301076,1909f56bfc062723c751e8b465ee728b)  -> (artifact id: '58c642a44dfa7ba63f1e54d13c5bfd17') in 0.014517 seconds
Number of updated asset objects reloaded before import = 0
Number of asset objects unloaded after import = 12
========================================================================
Received Import Request.
  Time since last request: 0.000013 seconds.
  path: Assets/External Assets/polyperfect/Low Poly Ultimate Pack/M/- Meshes_M/Buildings_M/building-block-5floor-corner.fbx
  artifactKey: Guid(52fd24c61d5a2694eb28647f727b6ac4) Importer(815301076,1909f56bfc062723c751e8b465ee728b)
Start importing Assets/External Assets/polyperfect/Low Poly Ultimate Pack/M/- Meshes_M/Buildings_M/building-block-5floor-corner.fbx using Guid(52fd24c61d5a2694eb28647f727b6ac4) Importer(815301076,1909f56bfc062723c751e8b465ee728b)  -> (artifact id: '24be0e9c848de47c2ed5f1926507d096') in 0.010432 seconds
Number of updated asset objects reloaded before import = 0
Number of asset objects unloaded after import = 7
========================================================================
Received Import Request.
  Time since last request: 0.000014 seconds.
  path: Assets/External Assets/polyperfect/Low Poly Ultimate Pack/M/- Meshes_M/Scifi_M/scifi-bench-c.fbx
  artifactKey: Guid(9117b770e038cfb4ba4777f9f45fa513) Importer(815301076,1909f56bfc062723c751e8b465ee728b)
Start importing Assets/External Assets/polyperfect/Low Poly Ultimate Pack/M/- Meshes_M/Scifi_M/scifi-bench-c.fbx using Guid(9117b770e038cfb4ba4777f9f45fa513) Importer(815301076,1909f56bfc062723c751e8b465ee728b)  -> (artifact id: '31b67b619468df3b57c834ca78baf9fa') in 0.011284 seconds
Number of updated asset objects reloaded before import = 0
Number of asset objects unloaded after import = 7
========================================================================
Received Import Request.
  Time since last request: 0.000025 seconds.
  path: Assets/External Assets/polyperfect/Low Poly Ultimate Pack/M/- Prefabs_M/Scifi_M/Scifi City_M/scifi-bin-medium.prefab
  artifactKey: Guid(322cd103ccd0aff49b7c9fce4c1b9fc6) Importer(815301076,1909f56bfc062723c751e8b465ee728b)
Start importing Assets/External Assets/polyperfect/Low Poly Ultimate Pack/M/- Prefabs_M/Scifi_M/Scifi City_M/scifi-bin-medium.prefab using Guid(322cd103ccd0aff49b7c9fce4c1b9fc6) Importer(815301076,1909f56bfc062723c751e8b465ee728b)  -> (artifact id: 'c7a25d87cbbf340eff59bbf7fb75fdb2') in 0.012874 seconds
Number of updated asset objects reloaded before import = 0
Number of asset objects unloaded after import = 14
========================================================================
Received Import Request.
  Time since last request: 0.000010 seconds.
  path: Assets/External Assets/polyperfect/Low Poly Ultimate Pack/M/- Meshes_M/Scifi_M/scifi-bench-b.fbx
  artifactKey: Guid(77e991fd0bf716340b3808c711bef690) Importer(815301076,1909f56bfc062723c751e8b465ee728b)
Start importing Assets/External Assets/polyperfect/Low Poly Ultimate Pack/M/- Meshes_M/Scifi_M/scifi-bench-b.fbx using Guid(77e991fd0bf716340b3808c711bef690) Importer(815301076,1909f56bfc062723c751e8b465ee728b)  -> (artifact id: '003e8f6babeee4038d4ae373e94cb88a') in 0.010688 seconds
Number of updated asset objects reloaded before import = 0
Number of asset objects unloaded after import = 7
========================================================================
Received Import Request.
  Time since last request: 0.004953 seconds.
  path: Assets/External Assets/polyperfect/Low Poly Ultimate Pack/M/- Prefabs_M/Animals_M/hen.prefab
  artifactKey: Guid(e85254987090d0746bfb249c32c200da) Importer(815301076,1909f56bfc062723c751e8b465ee728b)
Start importing Assets/External Assets/polyperfect/Low Poly Ultimate Pack/M/- Prefabs_M/Animals_M/hen.prefab using Guid(e85254987090d0746bfb249c32c200da) Importer(815301076,1909f56bfc062723c751e8b465ee728b)  -> (artifact id: '8d9b0e3fe5a56dbea98b81b7b8bc1566') in 0.010039 seconds
Number of updated asset objects reloaded before import = 0
Number of asset objects unloaded after import = 14
========================================================================
Received Import Request.
  Time since last request: 0.000011 seconds.
  path: Assets/External Assets/polyperfect/Low Poly Ultimate Pack/M/- Meshes_M/Terrains_M/hexagon-water.fbx
  artifactKey: Guid(d30115d3c79b9471daadf7fc8ceb8e74) Importer(815301076,1909f56bfc062723c751e8b465ee728b)
Start importing Assets/External Assets/polyperfect/Low Poly Ultimate Pack/M/- Meshes_M/Terrains_M/hexagon-water.fbx using Guid(d30115d3c79b9471daadf7fc8ceb8e74) Importer(815301076,1909f56bfc062723c751e8b465ee728b)  -> (artifact id: 'dd1e96c351619b9f73f259e905c87fc7') in 0.010438 seconds
Number of updated asset objects reloaded before import = 0
Number of asset objects unloaded after import = 7
========================================================================
Received Import Request.
  Time since last request: 0.000009 seconds.
  path: Assets/External Assets/polyperfect/Low Poly Ultimate Pack/M/- Prefabs_M/Terrains_M/hexagon-land.prefab
  artifactKey: Guid(0437e05764a3d4003acaf7747b1d2aa4) Importer(815301076,1909f56bfc062723c751e8b465ee728b)
Start importing Assets/External Assets/polyperfect/Low Poly Ultimate Pack/M/- Prefabs_M/Terrains_M/hexagon-land.prefab using Guid(0437e05764a3d4003acaf7747b1d2aa4) Importer(815301076,1909f56bfc062723c751e8b465ee728b)  -> (artifact id: 'bf92d13a6095bb0d0ec6f6d649d3c2ba') in 0.012019 seconds
Number of updated asset objects reloaded before import = 0
Number of asset objects unloaded after import = 11
Editor requested this worker to shutdown with reason: Scaling down because of idle timeout
TcpMessagingSession - receive error: operation aborted. errorcode: 995, details: The I/O operation has been aborted because of either a thread exit or an application request.
AssetImportWorker is now disconnected from the server
Process exiting
Exiting without the bug reporter. Application will terminate with return code 0